<html>
<head>
<title>TestNG:  Test</title>
<link href="../testng.css" rel="stylesheet" type="text/css" />
<link href="../my-testng.css" rel="stylesheet" type="text/css" />

<style type="text/css">
.log { display: none;} 
.stack-trace { display: none;} 
</style>
<script type="text/javascript">
<!--
function flip(e) {
  current = e.style.display;
  if (current == 'block') {
    e.style.display = 'none';
    return 0;
  }
  else {
    e.style.display = 'block';
    return 1;
  }
}

function toggleBox(szDivId, elem, msg1, msg2)
{
  var res = -1;  if (document.getElementById) {
    res = flip(document.getElementById(szDivId));
  }
  else if (document.all) {
    // this is the way old msie versions work
    res = flip(document.all[szDivId]);
  }
  if(elem) {
    if(res == 0) elem.innerHTML = msg1; else elem.innerHTML = msg2;
  }

}

function toggleAllBoxes() {
  if (document.getElementsByTagName) {
    d = document.getElementsByTagName('div');
    for (i = 0; i < d.length; i++) {
      if (d[i].className == 'log') {
        flip(d[i]);
      }
    }
  }
}

// -->
</script>

</head>
<body>
<h2 align='center'>Test</h2><table border='1' align="center">
<tr>
<td>Tests passed/Failed/Skipped:</td><td>0/0/5</td>
</tr><tr>
<td>Started on:</td><td>Wed Mar 23 09:52:31 IST 2022</td>
</tr>
<tr><td>Total time:</td><td>0 seconds (786 ms)</td>
</tr><tr>
<td>Included groups:</td><td></td>
</tr><tr>
<td>Excluded groups:</td><td></td>
</tr>
</table><p/>
<small><i>(Hover the method name to see the test class name)</i></small><p/>
<table width='100%' border='1' class='invocation-failed'>
<tr><td colspan='4' align='center'><b>FAILED CONFIGURATIONS</b></td></tr>
<tr><td><b>Test method</b></td>
<td width="30%"><b>Exception</b></td>
<td width="10%"><b>Time (seconds)</b></td>
<td><b>Instance</b></td>
</tr>
<tr>
<td title='com.crm.autodeskSeleniumFramework.testNgAnnotation.Tl_13_Test.bc()'><b>bc</b><br>Test class: com.crm.autodeskSeleniumFramework.testNgAnnotation.Tl_13_Test</td>
<td><div><pre>org.testng.TestNGException: 
Parameter &apos;browser&apos; is required by BeforeClass on method bc but has not been marked @Optional or defined
in C:\Users\CHAVA\selenium\com.crm.autodeskSeleniumFramework\batchExecutionTesttestng.xml
	at java.base/java.util.ArrayList.forEach(ArrayList.java:1511)
... Removed 22 stack frames</pre></div><a href='#' onClick='toggleBox("stack-trace8805846", this, "Click to show all stack frames", "Click to hide stack frames")'>Click to show all stack frames</a>
<div class='stack-trace' id='stack-trace8805846'><pre>org.testng.TestNGException: 
Parameter &apos;browser&apos; is required by BeforeClass on method bc but has not been marked @Optional or defined
in C:\Users\CHAVA\selenium\com.crm.autodeskSeleniumFramework\batchExecutionTesttestng.xml
	at org.testng.internal.Parameters.createParams(Parameters.java:270)
	at org.testng.internal.Parameters.createParametersForMethod(Parameters.java:358)
	at org.testng.internal.Parameters.createParameters(Parameters.java:700)
	at org.testng.internal.Parameters.createConfigurationParameters(Parameters.java:168)
	at org.testng.internal.ConfigInvoker.invokeConfigurations(ConfigInvoker.java:302)
	at org.testng.internal.TestMethodWorker.invokeBeforeClassMethods(TestMethodWorker.java:176)
	at org.testng.internal.TestMethodWorker.run(TestMethodWorker.java:122)
	at java.base/java.util.ArrayList.forEach(ArrayList.java:1511)
	at org.testng.TestRunner.privateRun(TestRunner.java:794)
	at org.testng.TestRunner.run(TestRunner.java:596)
	at org.testng.SuiteRunner.runTest(SuiteRunner.java:377)
	at org.testng.SuiteRunner.runSequentially(SuiteRunner.java:371)
	at org.testng.SuiteRunner.privateRun(SuiteRunner.java:332)
	at org.testng.SuiteRunner.run(SuiteRunner.java:276)
	at org.testng.SuiteRunnerWorker.runSuite(SuiteRunnerWorker.java:53)
	at org.testng.SuiteRunnerWorker.run(SuiteRunnerWorker.java:96)
	at org.testng.TestNG.runSuitesSequentially(TestNG.java:1212)
	at org.testng.TestNG.runSuitesLocally(TestNG.java:1134)
	at org.testng.TestNG.runSuites(TestNG.java:1063)
	at org.testng.TestNG.run(TestNG.java:1031)
	at org.testng.remote.AbstractRemoteTestNG.run(AbstractRemoteTestNG.java:115)
	at org.testng.remote.RemoteTestNG.initAndRun(RemoteTestNG.java:251)
	at org.testng.remote.RemoteTestNG.main(RemoteTestNG.java:77)
</pre></div></td>
<td>-1648009351</td>
<td>com.crm.autodeskSeleniumFramework.testNgAnnotation.Tl_13_Test@28701274</td></tr>
<tr>
<td title='com.crm.autodeskSeleniumFramework.testNgAnnotation.CreateContact_ChooseOrgTest.bc()'><b>bc</b><br>Test class: com.crm.autodeskSeleniumFramework.testNgAnnotation.CreateContact_ChooseOrgTest</td>
<td><div><pre>org.testng.TestNGException: 
Parameter &apos;browser&apos; is required by BeforeClass on method bc but has not been marked @Optional or defined
in C:\Users\CHAVA\selenium\com.crm.autodeskSeleniumFramework\batchExecutionTesttestng.xml
	at java.base/java.util.ArrayList.forEach(ArrayList.java:1511)
... Removed 22 stack frames</pre></div><a href='#' onClick='toggleBox("stack-trace365590665", this, "Click to show all stack frames", "Click to hide stack frames")'>Click to show all stack frames</a>
<div class='stack-trace' id='stack-trace365590665'><pre>org.testng.TestNGException: 
Parameter &apos;browser&apos; is required by BeforeClass on method bc but has not been marked @Optional or defined
in C:\Users\CHAVA\selenium\com.crm.autodeskSeleniumFramework\batchExecutionTesttestng.xml
	at org.testng.internal.Parameters.createParams(Parameters.java:270)
	at org.testng.internal.Parameters.createParametersForMethod(Parameters.java:358)
	at org.testng.internal.Parameters.createParameters(Parameters.java:700)
	at org.testng.internal.Parameters.createConfigurationParameters(Parameters.java:168)
	at org.testng.internal.ConfigInvoker.invokeConfigurations(ConfigInvoker.java:302)
	at org.testng.internal.TestMethodWorker.invokeBeforeClassMethods(TestMethodWorker.java:176)
	at org.testng.internal.TestMethodWorker.run(TestMethodWorker.java:122)
	at java.base/java.util.ArrayList.forEach(ArrayList.java:1511)
	at org.testng.TestRunner.privateRun(TestRunner.java:794)
	at org.testng.TestRunner.run(TestRunner.java:596)
	at org.testng.SuiteRunner.runTest(SuiteRunner.java:377)
	at org.testng.SuiteRunner.runSequentially(SuiteRunner.java:371)
	at org.testng.SuiteRunner.privateRun(SuiteRunner.java:332)
	at org.testng.SuiteRunner.run(SuiteRunner.java:276)
	at org.testng.SuiteRunnerWorker.runSuite(SuiteRunnerWorker.java:53)
	at org.testng.SuiteRunnerWorker.run(SuiteRunnerWorker.java:96)
	at org.testng.TestNG.runSuitesSequentially(TestNG.java:1212)
	at org.testng.TestNG.runSuitesLocally(TestNG.java:1134)
	at org.testng.TestNG.runSuites(TestNG.java:1063)
	at org.testng.TestNG.run(TestNG.java:1031)
	at org.testng.remote.AbstractRemoteTestNG.run(AbstractRemoteTestNG.java:115)
	at org.testng.remote.RemoteTestNG.initAndRun(RemoteTestNG.java:251)
	at org.testng.remote.RemoteTestNG.main(RemoteTestNG.java:77)
</pre></div></td>
<td>-1648009351</td>
<td>com.crm.autodeskSeleniumFramework.testNgAnnotation.CreateContact_ChooseOrgTest@639c2c1d</td></tr>
<tr>
<td title='com.crm.autodeskSeleniumFramework.testNgAnnotation.CreateOrganizationWithIndustryTest.bc()'><b>bc</b><br>Test class: com.crm.autodeskSeleniumFramework.testNgAnnotation.CreateOrganizationWithIndustryTest</td>
<td><div><pre>org.testng.TestNGException: 
Parameter &apos;browser&apos; is required by BeforeClass on method bc but has not been marked @Optional or defined
in C:\Users\CHAVA\selenium\com.crm.autodeskSeleniumFramework\batchExecutionTesttestng.xml
	at java.base/java.util.ArrayList.forEach(ArrayList.java:1511)
... Removed 22 stack frames</pre></div><a href='#' onClick='toggleBox("stack-trace225344427", this, "Click to show all stack frames", "Click to hide stack frames")'>Click to show all stack frames</a>
<div class='stack-trace' id='stack-trace225344427'><pre>org.testng.TestNGException: 
Parameter &apos;browser&apos; is required by BeforeClass on method bc but has not been marked @Optional or defined
in C:\Users\CHAVA\selenium\com.crm.autodeskSeleniumFramework\batchExecutionTesttestng.xml
	at org.testng.internal.Parameters.createParams(Parameters.java:270)
	at org.testng.internal.Parameters.createParametersForMethod(Parameters.java:358)
	at org.testng.internal.Parameters.createParameters(Parameters.java:700)
	at org.testng.internal.Parameters.createConfigurationParameters(Parameters.java:168)
	at org.testng.internal.ConfigInvoker.invokeConfigurations(ConfigInvoker.java:302)
	at org.testng.internal.TestMethodWorker.invokeBeforeClassMethods(TestMethodWorker.java:176)
	at org.testng.internal.TestMethodWorker.run(TestMethodWorker.java:122)
	at java.base/java.util.ArrayList.forEach(ArrayList.java:1511)
	at org.testng.TestRunner.privateRun(TestRunner.java:794)
	at org.testng.TestRunner.run(TestRunner.java:596)
	at org.testng.SuiteRunner.runTest(SuiteRunner.java:377)
	at org.testng.SuiteRunner.runSequentially(SuiteRunner.java:371)
	at org.testng.SuiteRunner.privateRun(SuiteRunner.java:332)
	at org.testng.SuiteRunner.run(SuiteRunner.java:276)
	at org.testng.SuiteRunnerWorker.runSuite(SuiteRunnerWorker.java:53)
	at org.testng.SuiteRunnerWorker.run(SuiteRunnerWorker.java:96)
	at org.testng.TestNG.runSuitesSequentially(TestNG.java:1212)
	at org.testng.TestNG.runSuitesLocally(TestNG.java:1134)
	at org.testng.TestNG.runSuites(TestNG.java:1063)
	at org.testng.TestNG.run(TestNG.java:1031)
	at org.testng.remote.AbstractRemoteTestNG.run(AbstractRemoteTestNG.java:115)
	at org.testng.remote.RemoteTestNG.initAndRun(RemoteTestNG.java:251)
	at org.testng.remote.RemoteTestNG.main(RemoteTestNG.java:77)
</pre></div></td>
<td>-1648009351</td>
<td>com.crm.autodeskSeleniumFramework.testNgAnnotation.CreateOrganizationWithIndustryTest@36fc695d</td></tr>
<tr>
<td title='com.crm.autodeskSeleniumFramework.testNgAnnotation.CreateCampaign_ChooseProductTest.bc()'><b>bc</b><br>Test class: com.crm.autodeskSeleniumFramework.testNgAnnotation.CreateCampaign_ChooseProductTest</td>
<td><div><pre>org.testng.TestNGException: 
Parameter &apos;browser&apos; is required by BeforeClass on method bc but has not been marked @Optional or defined
in C:\Users\CHAVA\selenium\com.crm.autodeskSeleniumFramework\batchExecutionTesttestng.xml
	at java.base/java.util.ArrayList.forEach(ArrayList.java:1511)
... Removed 22 stack frames</pre></div><a href='#' onClick='toggleBox("stack-trace561480862", this, "Click to show all stack frames", "Click to hide stack frames")'>Click to show all stack frames</a>
<div class='stack-trace' id='stack-trace561480862'><pre>org.testng.TestNGException: 
Parameter &apos;browser&apos; is required by BeforeClass on method bc but has not been marked @Optional or defined
in C:\Users\CHAVA\selenium\com.crm.autodeskSeleniumFramework\batchExecutionTesttestng.xml
	at org.testng.internal.Parameters.createParams(Parameters.java:270)
	at org.testng.internal.Parameters.createParametersForMethod(Parameters.java:358)
	at org.testng.internal.Parameters.createParameters(Parameters.java:700)
	at org.testng.internal.Parameters.createConfigurationParameters(Parameters.java:168)
	at org.testng.internal.ConfigInvoker.invokeConfigurations(ConfigInvoker.java:302)
	at org.testng.internal.TestMethodWorker.invokeBeforeClassMethods(TestMethodWorker.java:176)
	at org.testng.internal.TestMethodWorker.run(TestMethodWorker.java:122)
	at java.base/java.util.ArrayList.forEach(ArrayList.java:1511)
	at org.testng.TestRunner.privateRun(TestRunner.java:794)
	at org.testng.TestRunner.run(TestRunner.java:596)
	at org.testng.SuiteRunner.runTest(SuiteRunner.java:377)
	at org.testng.SuiteRunner.runSequentially(SuiteRunner.java:371)
	at org.testng.SuiteRunner.privateRun(SuiteRunner.java:332)
	at org.testng.SuiteRunner.run(SuiteRunner.java:276)
	at org.testng.SuiteRunnerWorker.runSuite(SuiteRunnerWorker.java:53)
	at org.testng.SuiteRunnerWorker.run(SuiteRunnerWorker.java:96)
	at org.testng.TestNG.runSuitesSequentially(TestNG.java:1212)
	at org.testng.TestNG.runSuitesLocally(TestNG.java:1134)
	at org.testng.TestNG.runSuites(TestNG.java:1063)
	at org.testng.TestNG.run(TestNG.java:1031)
	at org.testng.remote.AbstractRemoteTestNG.run(AbstractRemoteTestNG.java:115)
	at org.testng.remote.RemoteTestNG.initAndRun(RemoteTestNG.java:251)
	at org.testng.remote.RemoteTestNG.main(RemoteTestNG.java:77)
</pre></div></td>
<td>-1648009351</td>
<td>com.crm.autodeskSeleniumFramework.testNgAnnotation.CreateCampaign_ChooseProductTest@2b71e916</td></tr>
<tr>
<td title='com.crm.autodeskSeleniumFramework.testNgAnnotation.Tl_12.bc()'><b>bc</b><br>Test class: com.crm.autodeskSeleniumFramework.testNgAnnotation.Tl_12</td>
<td><div><pre>org.testng.TestNGException: 
Parameter &apos;browser&apos; is required by BeforeClass on method bc but has not been marked @Optional or defined
in C:\Users\CHAVA\selenium\com.crm.autodeskSeleniumFramework\batchExecutionTesttestng.xml
	at java.base/java.util.ArrayList.forEach(ArrayList.java:1511)
... Removed 22 stack frames</pre></div><a href='#' onClick='toggleBox("stack-trace1997353766", this, "Click to show all stack frames", "Click to hide stack frames")'>Click to show all stack frames</a>
<div class='stack-trace' id='stack-trace1997353766'><pre>org.testng.TestNGException: 
Parameter &apos;browser&apos; is required by BeforeClass on method bc but has not been marked @Optional or defined
in C:\Users\CHAVA\selenium\com.crm.autodeskSeleniumFramework\batchExecutionTesttestng.xml
	at org.testng.internal.Parameters.createParams(Parameters.java:270)
	at org.testng.internal.Parameters.createParametersForMethod(Parameters.java:358)
	at org.testng.internal.Parameters.createParameters(Parameters.java:700)
	at org.testng.internal.Parameters.createConfigurationParameters(Parameters.java:168)
	at org.testng.internal.ConfigInvoker.invokeConfigurations(ConfigInvoker.java:302)
	at org.testng.internal.TestMethodWorker.invokeBeforeClassMethods(TestMethodWorker.java:176)
	at org.testng.internal.TestMethodWorker.run(TestMethodWorker.java:122)
	at java.base/java.util.ArrayList.forEach(ArrayList.java:1511)
	at org.testng.TestRunner.privateRun(TestRunner.java:794)
	at org.testng.TestRunner.run(TestRunner.java:596)
	at org.testng.SuiteRunner.runTest(SuiteRunner.java:377)
	at org.testng.SuiteRunner.runSequentially(SuiteRunner.java:371)
	at org.testng.SuiteRunner.privateRun(SuiteRunner.java:332)
	at org.testng.SuiteRunner.run(SuiteRunner.java:276)
	at org.testng.SuiteRunnerWorker.runSuite(SuiteRunnerWorker.java:53)
	at org.testng.SuiteRunnerWorker.run(SuiteRunnerWorker.java:96)
	at org.testng.TestNG.runSuitesSequentially(TestNG.java:1212)
	at org.testng.TestNG.runSuitesLocally(TestNG.java:1134)
	at org.testng.TestNG.runSuites(TestNG.java:1063)
	at org.testng.TestNG.run(TestNG.java:1031)
	at org.testng.remote.AbstractRemoteTestNG.run(AbstractRemoteTestNG.java:115)
	at org.testng.remote.RemoteTestNG.initAndRun(RemoteTestNG.java:251)
	at org.testng.remote.RemoteTestNG.main(RemoteTestNG.java:77)
</pre></div></td>
<td>-1648009352</td>
<td>com.crm.autodeskSeleniumFramework.testNgAnnotation.Tl_12@13c9d689</td></tr>
</table><p>
<table width='100%' border='1' class='invocation-skipped'>
<tr><td colspan='4' align='center'><b>SKIPPED CONFIGURATIONS</b></td></tr>
<tr><td><b>Test method</b></td>
<td width="30%"><b>Exception</b></td>
<td width="10%"><b>Time (seconds)</b></td>
<td><b>Instance</b></td>
</tr>
<tr>
<td title='com.crm.autodeskSeleniumFramework.testNgAnnotation.CreateCampaign_ChooseProductTest.afterM()'><b>afterM</b><br>Test class: com.crm.autodeskSeleniumFramework.testNgAnnotation.CreateCampaign_ChooseProductTest</td>
<td></td>
<td>-1648009351</td>
<td>com.crm.autodeskSeleniumFramework.testNgAnnotation.CreateCampaign_ChooseProductTest@2b71e916</td></tr>
<tr>
<td title='com.crm.autodeskSeleniumFramework.testNgAnnotation.CreateContact_ChooseOrgTest.beforem()'><b>beforem</b><br>Test class: com.crm.autodeskSeleniumFramework.testNgAnnotation.CreateContact_ChooseOrgTest</td>
<td></td>
<td>-1648009351</td>
<td>com.crm.autodeskSeleniumFramework.testNgAnnotation.CreateContact_ChooseOrgTest@639c2c1d</td></tr>
<tr>
<td title='com.crm.autodeskSeleniumFramework.testNgAnnotation.CreateOrganizationWithIndustryTest.afterM()'><b>afterM</b><br>Test class: com.crm.autodeskSeleniumFramework.testNgAnnotation.CreateOrganizationWithIndustryTest</td>
<td></td>
<td>-1648009351</td>
<td>com.crm.autodeskSeleniumFramework.testNgAnnotation.CreateOrganizationWithIndustryTest@36fc695d</td></tr>
<tr>
<td title='com.crm.autodeskSeleniumFramework.testNgAnnotation.CreateContact_ChooseOrgTest.afterC()'><b>afterC</b><br>Test class: com.crm.autodeskSeleniumFramework.testNgAnnotation.CreateContact_ChooseOrgTest</td>
<td></td>
<td>-1648009351</td>
<td>com.crm.autodeskSeleniumFramework.testNgAnnotation.CreateContact_ChooseOrgTest@639c2c1d</td></tr>
<tr>
<td title='com.crm.autodeskSeleniumFramework.testNgAnnotation.Tl_13_Test.afterM()'><b>afterM</b><br>Test class: com.crm.autodeskSeleniumFramework.testNgAnnotation.Tl_13_Test</td>
<td></td>
<td>-1648009351</td>
<td>com.crm.autodeskSeleniumFramework.testNgAnnotation.Tl_13_Test@28701274</td></tr>
<tr>
<td title='com.crm.autodeskSeleniumFramework.testNgAnnotation.Tl_13_Test.beforem()'><b>beforem</b><br>Test class: com.crm.autodeskSeleniumFramework.testNgAnnotation.Tl_13_Test</td>
<td></td>
<td>-1648009351</td>
<td>com.crm.autodeskSeleniumFramework.testNgAnnotation.Tl_13_Test@28701274</td></tr>
<tr>
<td title='com.crm.autodeskSeleniumFramework.testNgAnnotation.Tl_12.beforem()'><b>beforem</b><br>Test class: com.crm.autodeskSeleniumFramework.testNgAnnotation.Tl_12</td>
<td></td>
<td>-1648009352</td>
<td>com.crm.autodeskSeleniumFramework.testNgAnnotation.Tl_12@13c9d689</td></tr>
<tr>
<td title='com.crm.autodeskSeleniumFramework.testNgAnnotation.CreateCampaign_ChooseProductTest.beforem()'><b>beforem</b><br>Test class: com.crm.autodeskSeleniumFramework.testNgAnnotation.CreateCampaign_ChooseProductTest</td>
<td></td>
<td>-1648009351</td>
<td>com.crm.autodeskSeleniumFramework.testNgAnnotation.CreateCampaign_ChooseProductTest@2b71e916</td></tr>
<tr>
<td title='com.crm.autodeskSeleniumFramework.testNgAnnotation.CreateCampaign_ChooseProductTest.afterC()'><b>afterC</b><br>Test class: com.crm.autodeskSeleniumFramework.testNgAnnotation.CreateCampaign_ChooseProductTest</td>
<td></td>
<td>-1648009351</td>
<td>com.crm.autodeskSeleniumFramework.testNgAnnotation.CreateCampaign_ChooseProductTest@2b71e916</td></tr>
<tr>
<td title='com.crm.autodeskSeleniumFramework.testNgAnnotation.CreateOrganizationWithIndustryTest.beforem()'><b>beforem</b><br>Test class: com.crm.autodeskSeleniumFramework.testNgAnnotation.CreateOrganizationWithIndustryTest</td>
<td></td>
<td>-1648009351</td>
<td>com.crm.autodeskSeleniumFramework.testNgAnnotation.CreateOrganizationWithIndustryTest@36fc695d</td></tr>
<tr>
<td title='com.crm.autodeskSeleniumFramework.testNgAnnotation.Tl_12.afterC()'><b>afterC</b><br>Test class: com.crm.autodeskSeleniumFramework.testNgAnnotation.Tl_12</td>
<td></td>
<td>-1648009352</td>
<td>com.crm.autodeskSeleniumFramework.testNgAnnotation.Tl_12@13c9d689</td></tr>
<tr>
<td title='com.crm.autodeskSeleniumFramework.testNgAnnotation.Tl_13_Test.afterC()'><b>afterC</b><br>Test class: com.crm.autodeskSeleniumFramework.testNgAnnotation.Tl_13_Test</td>
<td></td>
<td>-1648009352</td>
<td>com.crm.autodeskSeleniumFramework.testNgAnnotation.Tl_13_Test@28701274</td></tr>
<tr>
<td title='com.crm.autodeskSeleniumFramework.testNgAnnotation.CreateOrganizationWithIndustryTest.afterC()'><b>afterC</b><br>Test class: com.crm.autodeskSeleniumFramework.testNgAnnotation.CreateOrganizationWithIndustryTest</td>
<td></td>
<td>-1648009351</td>
<td>com.crm.autodeskSeleniumFramework.testNgAnnotation.CreateOrganizationWithIndustryTest@36fc695d</td></tr>
<tr>
<td title='com.crm.autodeskSeleniumFramework.testNgAnnotation.Tl_12.afterM()'><b>afterM</b><br>Test class: com.crm.autodeskSeleniumFramework.testNgAnnotation.Tl_12</td>
<td></td>
<td>-1648009352</td>
<td>com.crm.autodeskSeleniumFramework.testNgAnnotation.Tl_12@13c9d689</td></tr>
<tr>
<td title='com.crm.autodeskSeleniumFramework.testNgAnnotation.CreateContact_ChooseOrgTest.afterM()'><b>afterM</b><br>Test class: com.crm.autodeskSeleniumFramework.testNgAnnotation.CreateContact_ChooseOrgTest</td>
<td></td>
<td>-1648009351</td>
<td>com.crm.autodeskSeleniumFramework.testNgAnnotation.CreateContact_ChooseOrgTest@639c2c1d</td></tr>
</table><p>
<table width='100%' border='1' class='invocation-skipped'>
<tr><td colspan='4' align='center'><b>SKIPPED TESTS</b></td></tr>
<tr><td><b>Test method</b></td>
<td width="30%"><b>Exception</b></td>
<td width="10%"><b>Time (seconds)</b></td>
<td><b>Instance</b></td>
</tr>
<tr>
<td title='com.crm.autodeskSeleniumFramework.testNgAnnotation.CreateOrganizationWithIndustryTest.createOrganization()'><b>createOrganization</b><br>Test class: com.crm.autodeskSeleniumFramework.testNgAnnotation.CreateOrganizationWithIndustryTest</td>
<td><div><pre>org.testng.TestNGException: 
Parameter &apos;browser&apos; is required by BeforeClass on method bc but has not been marked @Optional or defined
in C:\Users\CHAVA\selenium\com.crm.autodeskSeleniumFramework\batchExecutionTesttestng.xml
	at java.base/java.util.ArrayList.forEach(ArrayList.java:1511)
... Removed 22 stack frames</pre></div><a href='#' onClick='toggleBox("stack-trace1210830415", this, "Click to show all stack frames", "Click to hide stack frames")'>Click to show all stack frames</a>
<div class='stack-trace' id='stack-trace1210830415'><pre>org.testng.TestNGException: 
Parameter &apos;browser&apos; is required by BeforeClass on method bc but has not been marked @Optional or defined
in C:\Users\CHAVA\selenium\com.crm.autodeskSeleniumFramework\batchExecutionTesttestng.xml
	at org.testng.internal.Parameters.createParams(Parameters.java:270)
	at org.testng.internal.Parameters.createParametersForMethod(Parameters.java:358)
	at org.testng.internal.Parameters.createParameters(Parameters.java:700)
	at org.testng.internal.Parameters.createConfigurationParameters(Parameters.java:168)
	at org.testng.internal.ConfigInvoker.invokeConfigurations(ConfigInvoker.java:302)
	at org.testng.internal.TestMethodWorker.invokeBeforeClassMethods(TestMethodWorker.java:176)
	at org.testng.internal.TestMethodWorker.run(TestMethodWorker.java:122)
	at java.base/java.util.ArrayList.forEach(ArrayList.java:1511)
	at org.testng.TestRunner.privateRun(TestRunner.java:794)
	at org.testng.TestRunner.run(TestRunner.java:596)
	at org.testng.SuiteRunner.runTest(SuiteRunner.java:377)
	at org.testng.SuiteRunner.runSequentially(SuiteRunner.java:371)
	at org.testng.SuiteRunner.privateRun(SuiteRunner.java:332)
	at org.testng.SuiteRunner.run(SuiteRunner.java:276)
	at org.testng.SuiteRunnerWorker.runSuite(SuiteRunnerWorker.java:53)
	at org.testng.SuiteRunnerWorker.run(SuiteRunnerWorker.java:96)
	at org.testng.TestNG.runSuitesSequentially(TestNG.java:1212)
	at org.testng.TestNG.runSuitesLocally(TestNG.java:1134)
	at org.testng.TestNG.runSuites(TestNG.java:1063)
	at org.testng.TestNG.run(TestNG.java:1031)
	at org.testng.remote.AbstractRemoteTestNG.run(AbstractRemoteTestNG.java:115)
	at org.testng.remote.RemoteTestNG.initAndRun(RemoteTestNG.java:251)
	at org.testng.remote.RemoteTestNG.main(RemoteTestNG.java:77)
</pre></div></td>
<td>0</td>
<td>com.crm.autodeskSeleniumFramework.testNgAnnotation.CreateOrganizationWithIndustryTest@36fc695d</td></tr>
<tr>
<td title='com.crm.autodeskSeleniumFramework.testNgAnnotation.CreateCampaign_ChooseProductTest.createOrganization()'><b>createOrganization</b><br>Test class: com.crm.autodeskSeleniumFramework.testNgAnnotation.CreateCampaign_ChooseProductTest</td>
<td><div><pre>org.testng.TestNGException: 
Parameter &apos;browser&apos; is required by BeforeClass on method bc but has not been marked @Optional or defined
in C:\Users\CHAVA\selenium\com.crm.autodeskSeleniumFramework\batchExecutionTesttestng.xml
	at java.base/java.util.ArrayList.forEach(ArrayList.java:1511)
... Removed 22 stack frames</pre></div><a href='#' onClick='toggleBox("stack-trace680712932", this, "Click to show all stack frames", "Click to hide stack frames")'>Click to show all stack frames</a>
<div class='stack-trace' id='stack-trace680712932'><pre>org.testng.TestNGException: 
Parameter &apos;browser&apos; is required by BeforeClass on method bc but has not been marked @Optional or defined
in C:\Users\CHAVA\selenium\com.crm.autodeskSeleniumFramework\batchExecutionTesttestng.xml
	at org.testng.internal.Parameters.createParams(Parameters.java:270)
	at org.testng.internal.Parameters.createParametersForMethod(Parameters.java:358)
	at org.testng.internal.Parameters.createParameters(Parameters.java:700)
	at org.testng.internal.Parameters.createConfigurationParameters(Parameters.java:168)
	at org.testng.internal.ConfigInvoker.invokeConfigurations(ConfigInvoker.java:302)
	at org.testng.internal.TestMethodWorker.invokeBeforeClassMethods(TestMethodWorker.java:176)
	at org.testng.internal.TestMethodWorker.run(TestMethodWorker.java:122)
	at java.base/java.util.ArrayList.forEach(ArrayList.java:1511)
	at org.testng.TestRunner.privateRun(TestRunner.java:794)
	at org.testng.TestRunner.run(TestRunner.java:596)
	at org.testng.SuiteRunner.runTest(SuiteRunner.java:377)
	at org.testng.SuiteRunner.runSequentially(SuiteRunner.java:371)
	at org.testng.SuiteRunner.privateRun(SuiteRunner.java:332)
	at org.testng.SuiteRunner.run(SuiteRunner.java:276)
	at org.testng.SuiteRunnerWorker.runSuite(SuiteRunnerWorker.java:53)
	at org.testng.SuiteRunnerWorker.run(SuiteRunnerWorker.java:96)
	at org.testng.TestNG.runSuitesSequentially(TestNG.java:1212)
	at org.testng.TestNG.runSuitesLocally(TestNG.java:1134)
	at org.testng.TestNG.runSuites(TestNG.java:1063)
	at org.testng.TestNG.run(TestNG.java:1031)
	at org.testng.remote.AbstractRemoteTestNG.run(AbstractRemoteTestNG.java:115)
	at org.testng.remote.RemoteTestNG.initAndRun(RemoteTestNG.java:251)
	at org.testng.remote.RemoteTestNG.main(RemoteTestNG.java:77)
</pre></div></td>
<td>0</td>
<td>com.crm.autodeskSeleniumFramework.testNgAnnotation.CreateCampaign_ChooseProductTest@2b71e916</td></tr>
<tr>
<td title='com.crm.autodeskSeleniumFramework.testNgAnnotation.Tl_12.createOrganization()'><b>createOrganization</b><br>Test class: com.crm.autodeskSeleniumFramework.testNgAnnotation.Tl_12</td>
<td><div><pre>org.testng.TestNGException: 
Parameter &apos;browser&apos; is required by BeforeClass on method bc but has not been marked @Optional or defined
in C:\Users\CHAVA\selenium\com.crm.autodeskSeleniumFramework\batchExecutionTesttestng.xml
	at java.base/java.util.ArrayList.forEach(ArrayList.java:1511)
... Removed 22 stack frames</pre></div><a href='#' onClick='toggleBox("stack-trace27084827", this, "Click to show all stack frames", "Click to hide stack frames")'>Click to show all stack frames</a>
<div class='stack-trace' id='stack-trace27084827'><pre>org.testng.TestNGException: 
Parameter &apos;browser&apos; is required by BeforeClass on method bc but has not been marked @Optional or defined
in C:\Users\CHAVA\selenium\com.crm.autodeskSeleniumFramework\batchExecutionTesttestng.xml
	at org.testng.internal.Parameters.createParams(Parameters.java:270)
	at org.testng.internal.Parameters.createParametersForMethod(Parameters.java:358)
	at org.testng.internal.Parameters.createParameters(Parameters.java:700)
	at org.testng.internal.Parameters.createConfigurationParameters(Parameters.java:168)
	at org.testng.internal.ConfigInvoker.invokeConfigurations(ConfigInvoker.java:302)
	at org.testng.internal.TestMethodWorker.invokeBeforeClassMethods(TestMethodWorker.java:176)
	at org.testng.internal.TestMethodWorker.run(TestMethodWorker.java:122)
	at java.base/java.util.ArrayList.forEach(ArrayList.java:1511)
	at org.testng.TestRunner.privateRun(TestRunner.java:794)
	at org.testng.TestRunner.run(TestRunner.java:596)
	at org.testng.SuiteRunner.runTest(SuiteRunner.java:377)
	at org.testng.SuiteRunner.runSequentially(SuiteRunner.java:371)
	at org.testng.SuiteRunner.privateRun(SuiteRunner.java:332)
	at org.testng.SuiteRunner.run(SuiteRunner.java:276)
	at org.testng.SuiteRunnerWorker.runSuite(SuiteRunnerWorker.java:53)
	at org.testng.SuiteRunnerWorker.run(SuiteRunnerWorker.java:96)
	at org.testng.TestNG.runSuitesSequentially(TestNG.java:1212)
	at org.testng.TestNG.runSuitesLocally(TestNG.java:1134)
	at org.testng.TestNG.runSuites(TestNG.java:1063)
	at org.testng.TestNG.run(TestNG.java:1031)
	at org.testng.remote.AbstractRemoteTestNG.run(AbstractRemoteTestNG.java:115)
	at org.testng.remote.RemoteTestNG.initAndRun(RemoteTestNG.java:251)
	at org.testng.remote.RemoteTestNG.main(RemoteTestNG.java:77)
</pre></div></td>
<td>0</td>
<td>com.crm.autodeskSeleniumFramework.testNgAnnotation.Tl_12@13c9d689</td></tr>
<tr>
<td title='com.crm.autodeskSeleniumFramework.testNgAnnotation.CreateContact_ChooseOrgTest.createOrganization()'><b>createOrganization</b><br>Test class: com.crm.autodeskSeleniumFramework.testNgAnnotation.CreateContact_ChooseOrgTest</td>
<td><div><pre>org.testng.TestNGException: 
Parameter &apos;browser&apos; is required by BeforeClass on method bc but has not been marked @Optional or defined
in C:\Users\CHAVA\selenium\com.crm.autodeskSeleniumFramework\batchExecutionTesttestng.xml
	at java.base/java.util.ArrayList.forEach(ArrayList.java:1511)
... Removed 22 stack frames</pre></div><a href='#' onClick='toggleBox("stack-trace355115154", this, "Click to show all stack frames", "Click to hide stack frames")'>Click to show all stack frames</a>
<div class='stack-trace' id='stack-trace355115154'><pre>org.testng.TestNGException: 
Parameter &apos;browser&apos; is required by BeforeClass on method bc but has not been marked @Optional or defined
in C:\Users\CHAVA\selenium\com.crm.autodeskSeleniumFramework\batchExecutionTesttestng.xml
	at org.testng.internal.Parameters.createParams(Parameters.java:270)
	at org.testng.internal.Parameters.createParametersForMethod(Parameters.java:358)
	at org.testng.internal.Parameters.createParameters(Parameters.java:700)
	at org.testng.internal.Parameters.createConfigurationParameters(Parameters.java:168)
	at org.testng.internal.ConfigInvoker.invokeConfigurations(ConfigInvoker.java:302)
	at org.testng.internal.TestMethodWorker.invokeBeforeClassMethods(TestMethodWorker.java:176)
	at org.testng.internal.TestMethodWorker.run(TestMethodWorker.java:122)
	at java.base/java.util.ArrayList.forEach(ArrayList.java:1511)
	at org.testng.TestRunner.privateRun(TestRunner.java:794)
	at org.testng.TestRunner.run(TestRunner.java:596)
	at org.testng.SuiteRunner.runTest(SuiteRunner.java:377)
	at org.testng.SuiteRunner.runSequentially(SuiteRunner.java:371)
	at org.testng.SuiteRunner.privateRun(SuiteRunner.java:332)
	at org.testng.SuiteRunner.run(SuiteRunner.java:276)
	at org.testng.SuiteRunnerWorker.runSuite(SuiteRunnerWorker.java:53)
	at org.testng.SuiteRunnerWorker.run(SuiteRunnerWorker.java:96)
	at org.testng.TestNG.runSuitesSequentially(TestNG.java:1212)
	at org.testng.TestNG.runSuitesLocally(TestNG.java:1134)
	at org.testng.TestNG.runSuites(TestNG.java:1063)
	at org.testng.TestNG.run(TestNG.java:1031)
	at org.testng.remote.AbstractRemoteTestNG.run(AbstractRemoteTestNG.java:115)
	at org.testng.remote.RemoteTestNG.initAndRun(RemoteTestNG.java:251)
	at org.testng.remote.RemoteTestNG.main(RemoteTestNG.java:77)
</pre></div></td>
<td>0</td>
<td>com.crm.autodeskSeleniumFramework.testNgAnnotation.CreateContact_ChooseOrgTest@639c2c1d</td></tr>
<tr>
<td title='com.crm.autodeskSeleniumFramework.testNgAnnotation.Tl_13_Test.createOrganization()'><b>createOrganization</b><br>Test class: com.crm.autodeskSeleniumFramework.testNgAnnotation.Tl_13_Test</td>
<td><div><pre>org.testng.TestNGException: 
Parameter &apos;browser&apos; is required by BeforeClass on method bc but has not been marked @Optional or defined
in C:\Users\CHAVA\selenium\com.crm.autodeskSeleniumFramework\batchExecutionTesttestng.xml
	at java.base/java.util.ArrayList.forEach(ArrayList.java:1511)
... Removed 22 stack frames</pre></div><a href='#' onClick='toggleBox("stack-trace1659367709", this, "Click to show all stack frames", "Click to hide stack frames")'>Click to show all stack frames</a>
<div class='stack-trace' id='stack-trace1659367709'><pre>org.testng.TestNGException: 
Parameter &apos;browser&apos; is required by BeforeClass on method bc but has not been marked @Optional or defined
in C:\Users\CHAVA\selenium\com.crm.autodeskSeleniumFramework\batchExecutionTesttestng.xml
	at org.testng.internal.Parameters.createParams(Parameters.java:270)
	at org.testng.internal.Parameters.createParametersForMethod(Parameters.java:358)
	at org.testng.internal.Parameters.createParameters(Parameters.java:700)
	at org.testng.internal.Parameters.createConfigurationParameters(Parameters.java:168)
	at org.testng.internal.ConfigInvoker.invokeConfigurations(ConfigInvoker.java:302)
	at org.testng.internal.TestMethodWorker.invokeBeforeClassMethods(TestMethodWorker.java:176)
	at org.testng.internal.TestMethodWorker.run(TestMethodWorker.java:122)
	at java.base/java.util.ArrayList.forEach(ArrayList.java:1511)
	at org.testng.TestRunner.privateRun(TestRunner.java:794)
	at org.testng.TestRunner.run(TestRunner.java:596)
	at org.testng.SuiteRunner.runTest(SuiteRunner.java:377)
	at org.testng.SuiteRunner.runSequentially(SuiteRunner.java:371)
	at org.testng.SuiteRunner.privateRun(SuiteRunner.java:332)
	at org.testng.SuiteRunner.run(SuiteRunner.java:276)
	at org.testng.SuiteRunnerWorker.runSuite(SuiteRunnerWorker.java:53)
	at org.testng.SuiteRunnerWorker.run(SuiteRunnerWorker.java:96)
	at org.testng.TestNG.runSuitesSequentially(TestNG.java:1212)
	at org.testng.TestNG.runSuitesLocally(TestNG.java:1134)
	at org.testng.TestNG.runSuites(TestNG.java:1063)
	at org.testng.TestNG.run(TestNG.java:1031)
	at org.testng.remote.AbstractRemoteTestNG.run(AbstractRemoteTestNG.java:115)
	at org.testng.remote.RemoteTestNG.initAndRun(RemoteTestNG.java:251)
	at org.testng.remote.RemoteTestNG.main(RemoteTestNG.java:77)
</pre></div></td>
<td>0</td>
<td>com.crm.autodeskSeleniumFramework.testNgAnnotation.Tl_13_Test@28701274</td></tr>
</table><p>
</body>
</html>