<?xml version="1.0" encoding="UTF-8"?>
<!-- Generated by org.testng.reporters.JUnitXMLReporter -->
<testsuite ignored="16" hostname="KALYAN" failures="0" tests="5" name="Test" time="0.786" errors="0" timestamp="2022-03-23T09:52:32 IST">
  <testcase classname="com.crm.autodeskSeleniumFramework.javaUtility.BaseClass" name="@BeforeClass bc" time="-1.648009351445E9">
    <failure type="org.testng.TestNGException" message="
Parameter &amp;apos;browser&amp;apos; is required by BeforeClass on method bc but has not been marked @Optional or defined
in C:\Users\CHAVA\selenium\com.crm.autodeskSeleniumFramework\batchExecutionTesttestng.xml">
      <![CDATA[org.testng.TestNGException: 
Parameter 'browser' is required by BeforeClass on method bc but has not been marked @Optional or defined
in C:\Users\CHAVA\selenium\com.crm.autodeskSeleniumFramework\batchExecutionTesttestng.xml
at java.base/java.util.ArrayList.forEach(ArrayList.java:1511)
... Removed 22 stack frames]]>
    </failure>
  </testcase> <!-- @BeforeClass bc -->
  <testcase classname="com.crm.autodeskSeleniumFramework.javaUtility.BaseClass" name="@BeforeMethod beforem" time="-1.648009351588E9">
    <skipped/>
  </testcase> <!-- @BeforeMethod beforem -->
  <testcase classname="com.crm.autodeskSeleniumFramework.javaUtility.BaseClass" name="@AfterMethod afterM" time="-1.648009351693E9">
    <skipped/>
  </testcase> <!-- @AfterMethod afterM -->
  <testcase classname="com.crm.autodeskSeleniumFramework.javaUtility.BaseClass" name="@AfterClass afterC" time="-1.648009351734E9">
    <skipped/>
  </testcase> <!-- @AfterClass afterC -->
  <testcase classname="com.crm.autodeskSeleniumFramework.javaUtility.BaseClass" name="@BeforeClass bc" time="-1.648009351754E9">
    <failure type="org.testng.TestNGException" message="
Parameter &amp;apos;browser&amp;apos; is required by BeforeClass on method bc but has not been marked @Optional or defined
in C:\Users\CHAVA\selenium\com.crm.autodeskSeleniumFramework\batchExecutionTesttestng.xml">
      <![CDATA[org.testng.TestNGException: 
Parameter 'browser' is required by BeforeClass on method bc but has not been marked @Optional or defined
in C:\Users\CHAVA\selenium\com.crm.autodeskSeleniumFramework\batchExecutionTesttestng.xml
at java.base/java.util.ArrayList.forEach(ArrayList.java:1511)
... Removed 22 stack frames]]>
    </failure>
  </testcase> <!-- @BeforeClass bc -->
  <testcase classname="com.crm.autodeskSeleniumFramework.javaUtility.BaseClass" name="@BeforeMethod beforem" time="-1.64800935177E9">
    <skipped/>
  </testcase> <!-- @BeforeMethod beforem -->
  <testcase classname="com.crm.autodeskSeleniumFramework.javaUtility.BaseClass" name="@AfterMethod afterM" time="-1.648009351826E9">
    <skipped/>
  </testcase> <!-- @AfterMethod afterM -->
  <testcase classname="com.crm.autodeskSeleniumFramework.javaUtility.BaseClass" name="@AfterClass afterC" time="-1.648009351838E9">
    <skipped/>
  </testcase> <!-- @AfterClass afterC -->
  <testcase classname="com.crm.autodeskSeleniumFramework.javaUtility.BaseClass" name="@BeforeClass bc" time="-1.648009351856E9">
    <failure type="org.testng.TestNGException" message="
Parameter &amp;apos;browser&amp;apos; is required by BeforeClass on method bc but has not been marked @Optional or defined
in C:\Users\CHAVA\selenium\com.crm.autodeskSeleniumFramework\batchExecutionTesttestng.xml">
      <![CDATA[org.testng.TestNGException: 
Parameter 'browser' is required by BeforeClass on method bc but has not been marked @Optional or defined
in C:\Users\CHAVA\selenium\com.crm.autodeskSeleniumFramework\batchExecutionTesttestng.xml
at java.base/java.util.ArrayList.forEach(ArrayList.java:1511)
... Removed 22 stack frames]]>
    </failure>
  </testcase> <!-- @BeforeClass bc -->
  <testcase classname="com.crm.autodeskSeleniumFramework.javaUtility.BaseClass" name="@BeforeMethod beforem" time="-1.648009351867E9">
    <skipped/>
  </testcase> <!-- @BeforeMethod beforem -->
  <testcase classname="com.crm.autodeskSeleniumFramework.javaUtility.BaseClass" name="@AfterMethod afterM" time="-1.648009351918E9">
    <skipped/>
  </testcase> <!-- @AfterMethod afterM -->
  <testcase classname="com.crm.autodeskSeleniumFramework.javaUtility.BaseClass" name="@AfterClass afterC" time="-1.648009351921E9">
    <skipped/>
  </testcase> <!-- @AfterClass afterC -->
  <testcase classname="com.crm.autodeskSeleniumFramework.javaUtility.BaseClass" name="@BeforeClass bc" time="-1.64800935195E9">
    <failure type="org.testng.TestNGException" message="
Parameter &amp;apos;browser&amp;apos; is required by BeforeClass on method bc but has not been marked @Optional or defined
in C:\Users\CHAVA\selenium\com.crm.autodeskSeleniumFramework\batchExecutionTesttestng.xml">
      <![CDATA[org.testng.TestNGException: 
Parameter 'browser' is required by BeforeClass on method bc but has not been marked @Optional or defined
in C:\Users\CHAVA\selenium\com.crm.autodeskSeleniumFramework\batchExecutionTesttestng.xml
at java.base/java.util.ArrayList.forEach(ArrayList.java:1511)
... Removed 22 stack frames]]>
    </failure>
  </testcase> <!-- @BeforeClass bc -->
  <testcase classname="com.crm.autodeskSeleniumFramework.javaUtility.BaseClass" name="@BeforeMethod beforem" time="-1.648009351956E9">
    <skipped/>
  </testcase> <!-- @BeforeMethod beforem -->
  <testcase classname="com.crm.autodeskSeleniumFramework.javaUtility.BaseClass" name="@AfterMethod afterM" time="-1.648009351991E9">
    <skipped/>
  </testcase> <!-- @AfterMethod afterM -->
  <testcase classname="com.crm.autodeskSeleniumFramework.javaUtility.BaseClass" name="@AfterClass afterC" time="-1.648009352004E9">
    <skipped/>
  </testcase> <!-- @AfterClass afterC -->
  <testcase classname="com.crm.autodeskSeleniumFramework.javaUtility.BaseClass" name="@BeforeClass bc" time="-1.648009352008E9">
    <failure type="org.testng.TestNGException" message="
Parameter &amp;apos;browser&amp;apos; is required by BeforeClass on method bc but has not been marked @Optional or defined
in C:\Users\CHAVA\selenium\com.crm.autodeskSeleniumFramework\batchExecutionTesttestng.xml">
      <![CDATA[org.testng.TestNGException: 
Parameter 'browser' is required by BeforeClass on method bc but has not been marked @Optional or defined
in C:\Users\CHAVA\selenium\com.crm.autodeskSeleniumFramework\batchExecutionTesttestng.xml
at java.base/java.util.ArrayList.forEach(ArrayList.java:1511)
... Removed 22 stack frames]]>
    </failure>
  </testcase> <!-- @BeforeClass bc -->
  <testcase classname="com.crm.autodeskSeleniumFramework.javaUtility.BaseClass" name="@BeforeMethod beforem" time="-1.648009352034E9">
    <skipped/>
  </testcase> <!-- @BeforeMethod beforem -->
  <testcase classname="com.crm.autodeskSeleniumFramework.javaUtility.BaseClass" name="@AfterMethod afterM" time="-1.648009352104E9">
    <skipped/>
  </testcase> <!-- @AfterMethod afterM -->
  <testcase classname="com.crm.autodeskSeleniumFramework.javaUtility.BaseClass" name="@AfterClass afterC" time="-1.648009352125E9">
    <skipped/>
  </testcase> <!-- @AfterClass afterC -->
  <testcase classname="com.crm.autodeskSeleniumFramework.testNgAnnotation.CreateContact_ChooseOrgTest" name="createOrganization" time="0.0">
    <skipped/>
  </testcase> <!-- createOrganization -->
  <testcase classname="com.crm.autodeskSeleniumFramework.testNgAnnotation.CreateCampaign_ChooseProductTest" name="createOrganization" time="0.0">
    <skipped/>
  </testcase> <!-- createOrganization -->
  <testcase classname="com.crm.autodeskSeleniumFramework.testNgAnnotation.CreateOrganizationWithIndustryTest" name="createOrganization" time="0.0">
    <skipped/>
  </testcase> <!-- createOrganization -->
  <testcase classname="com.crm.autodeskSeleniumFramework.testNgAnnotation.Tl_13_Test" name="createOrganization" time="0.0">
    <skipped/>
  </testcase> <!-- createOrganization -->
  <testcase classname="com.crm.autodeskSeleniumFramework.testNgAnnotation.Tl_12" name="createOrganization" time="0.0">
    <skipped/>
  </testcase> <!-- createOrganization -->
  <testcase classname="com.crm.autodeskSeleniumFramework.javaUtility.BaseClass" name="@AfterTest afterT" time="0.0">
    <ignored/>
  </testcase> <!-- @AfterTest afterT -->
  <testcase classname="com.crm.autodeskSeleniumFramework.javaUtility.BaseClass" name="@AfterTest afterT" time="0.0">
    <ignored/>
  </testcase> <!-- @AfterTest afterT -->
  <testcase classname="com.crm.autodeskSeleniumFramework.javaUtility.BaseClass" name="@AfterTest afterT" time="0.0">
    <ignored/>
  </testcase> <!-- @AfterTest afterT -->
  <testcase classname="com.crm.autodeskSeleniumFramework.javaUtility.BaseClass" name="@AfterTest afterT" time="0.0">
    <ignored/>
  </testcase> <!-- @AfterTest afterT -->
  <testcase classname="com.crm.autodeskSeleniumFramework.javaUtility.BaseClass" name="@AfterSuite afterS" time="0.0">
    <ignored/>
  </testcase> <!-- @AfterSuite afterS -->
  <testcase classname="com.crm.autodeskSeleniumFramework.javaUtility.BaseClass" name="@AfterSuite afterS" time="0.0">
    <ignored/>
  </testcase> <!-- @AfterSuite afterS -->
  <testcase classname="com.crm.autodeskSeleniumFramework.javaUtility.BaseClass" name="@AfterSuite afterS" time="0.0">
    <ignored/>
  </testcase> <!-- @AfterSuite afterS -->
  <testcase classname="com.crm.autodeskSeleniumFramework.javaUtility.BaseClass" name="@AfterSuite afterS" time="0.0">
    <ignored/>
  </testcase> <!-- @AfterSuite afterS -->
  <testcase classname="com.crm.autodeskSeleniumFramework.javaUtility.BaseClass" name="@BeforeSuite bs" time="0.0">
    <ignored/>
  </testcase> <!-- @BeforeSuite bs -->
  <testcase classname="com.crm.autodeskSeleniumFramework.javaUtility.BaseClass" name="@BeforeSuite bs" time="0.0">
    <ignored/>
  </testcase> <!-- @BeforeSuite bs -->
  <testcase classname="com.crm.autodeskSeleniumFramework.javaUtility.BaseClass" name="@BeforeSuite bs" time="0.0">
    <ignored/>
  </testcase> <!-- @BeforeSuite bs -->
  <testcase classname="com.crm.autodeskSeleniumFramework.javaUtility.BaseClass" name="@BeforeSuite bs" time="0.0">
    <ignored/>
  </testcase> <!-- @BeforeSuite bs -->
  <testcase classname="com.crm.autodeskSeleniumFramework.javaUtility.BaseClass" name="@BeforeTest bt" time="0.0">
    <ignored/>
  </testcase> <!-- @BeforeTest bt -->
  <testcase classname="com.crm.autodeskSeleniumFramework.javaUtility.BaseClass" name="@BeforeTest bt" time="0.0">
    <ignored/>
  </testcase> <!-- @BeforeTest bt -->
  <testcase classname="com.crm.autodeskSeleniumFramework.javaUtility.BaseClass" name="@BeforeTest bt" time="0.0">
    <ignored/>
  </testcase> <!-- @BeforeTest bt -->
  <testcase classname="com.crm.autodeskSeleniumFramework.javaUtility.BaseClass" name="@BeforeTest bt" time="0.0">
    <ignored/>
  </testcase> <!-- @BeforeTest bt -->
</testsuite> <!-- Test -->
